<?xml version="1.0" encoding="UTF-8"?>
<coverage generated="1514999203568" clover="3.2.0">
  <project timestamp="1514999203568" name="All files">
    <metrics statements="46" coveredstatements="46" conditionals="16" coveredconditionals="16" methods="15" coveredmethods="14" elements="77" coveredelements="76" complexity="0" loc="46" ncloc="46" packages="3" files="5" classes="5">
      <package name="pages.account">
        <metrics statements="7" coveredstatements="7" conditionals="0" coveredconditionals="0" methods="5" coveredmethods="4"/>
        <file name="index.js" path="/Users/skeletor/Projects/Mobile/olist/src/pages/account/index.js">
          <metrics statements="6" coveredstatements="6" conditionals="0" coveredconditionals="0" methods="5" coveredmethods="4"/>
          <line num="18" count="1" type="stmt"/>
          <line num="19" count="1" type="stmt"/>
          <line num="56" count="1" type="stmt"/>
          <line num="83" count="1" type="stmt"/>
          <line num="87" count="1" type="stmt"/>
          <line num="89" count="1" type="stmt"/>
        </file>
        <file name="styles.js" path="/Users/skeletor/Projects/Mobile/olist/src/pages/account/styles.js">
          <metrics statements="1" coveredstatements="1" conditionals="0" coveredconditionals="0" methods="0" coveredmethods="0"/>
          <line num="5" count="1" type="stmt"/>
        </file>
      </package>
      <package name="pages.account.components.PasswordValidator">
        <metrics statements="32" coveredstatements="32" conditionals="16" coveredconditionals="16" methods="9" coveredmethods="9"/>
        <file name="index.js" path="/Users/skeletor/Projects/Mobile/olist/src/pages/account/components/PasswordValidator/index.js">
          <metrics statements="31" coveredstatements="31" conditionals="16" coveredconditionals="16" methods="9" coveredmethods="9"/>
          <line num="26" count="4" type="stmt"/>
          <line num="28" count="4" type="cond" truecount="4" falsecount="0"/>
          <line num="30" count="1" type="stmt"/>
          <line num="35" count="1" type="stmt"/>
          <line num="37" count="1" type="stmt"/>
          <line num="42" count="1" type="stmt"/>
          <line num="44" count="1" type="stmt"/>
          <line num="49" count="1" type="stmt"/>
          <line num="51" count="1" type="stmt"/>
          <line num="55" count="1" type="stmt"/>
          <line num="58" count="4" type="stmt"/>
          <line num="64" count="4" type="cond" truecount="4" falsecount="0"/>
          <line num="66" count="1" type="stmt"/>
          <line num="67" count="1" type="stmt"/>
          <line num="69" count="1" type="stmt"/>
          <line num="70" count="1" type="stmt"/>
          <line num="72" count="1" type="stmt"/>
          <line num="73" count="1" type="stmt"/>
          <line num="75" count="1" type="stmt"/>
          <line num="76" count="1" type="stmt"/>
          <line num="79" count="4" type="stmt"/>
          <line num="83" count="9" type="cond" truecount="2" falsecount="0"/>
          <line num="86" count="16" type="stmt"/>
          <line num="89" count="4" type="stmt"/>
          <line num="90" count="4" type="stmt"/>
          <line num="92" count="4" type="stmt"/>
          <line num="95" count="12" type="stmt"/>
          <line num="107" count="4" type="stmt"/>
          <line num="109" count="4" type="stmt"/>
          <line num="111" count="4" type="stmt"/>
          <line num="142" count="4" type="stmt"/>
        </file>
        <file name="styles.js" path="/Users/skeletor/Projects/Mobile/olist/src/pages/account/components/PasswordValidator/styles.js">
          <metrics statements="1" coveredstatements="1" conditionals="0" coveredconditionals="0" methods="0" coveredmethods="0"/>
          <line num="4" count="2" type="stmt"/>
        </file>
      </package>
      <package name="store.ducks">
        <metrics statements="7" coveredstatements="7" conditionals="0" coveredconditionals="0" methods="1" coveredmethods="1"/>
        <file name="validations.js" path="/Users/skeletor/Projects/Mobile/olist/src/store/ducks/validations.js">
          <metrics statements="7" coveredstatements="7" conditionals="0" coveredconditionals="0" methods="1" coveredmethods="1"/>
          <line num="5" count="2" type="stmt"/>
          <line num="6" count="2" type="stmt"/>
          <line num="7" count="2" type="stmt"/>
          <line num="11" count="2" type="stmt"/>
          <line num="19" count="2" type="stmt"/>
          <line num="28" count="7" type="stmt"/>
          <line num="35" count="2" type="stmt"/>
        </file>
      </package>
    </metrics>
  </project>
</coverage>
