{"/Users/skeletor/Projects/Mobile/olist/src/pages/account/index.js": {"path":"/Users/skeletor/Projects/Mobile/olist/src/pages/account/index.js","statementMap":{"0":{"start":{"line":18,"column":16},"end":{"line":81,"column":1}},"1":{"start":{"line":19,"column":2},"end":{"line":80,"column":15}},"2":{"start":{"line":56,"column":36},"end":{"line":56,"column":63}},"3":{"start":{"line":83,"column":0},"end":{"line":85,"column":2}},"4":{"start":{"line":87,"column":27},"end":{"line":90,"column":2}},"5":{"start":{"line":87,"column":40},"end":{"line":90,"column":1}},"6":{"start":{"line":89,"column":4},"end":{"line":89,"column":71}}},"fnMap":{"0":{"name":"(anonymous_0)","decl":{"start":{"line":18,"column":16},"end":{"line":18,"column":17}},"loc":{"start":{"line":19,"column":2},"end":{"line":80,"column":15}},"line":19},"1":{"name":"(anonymous_1)","decl":{"start":{"line":56,"column":24},"end":{"line":56,"column":25}},"loc":{"start":{"line":56,"column":36},"end":{"line":56,"column":63}},"line":56},"2":{"name":"(anonymous_2)","decl":{"start":{"line":72,"column":66},"end":{"line":72,"column":67}},"loc":{"start":{"line":72,"column":72},"end":{"line":72,"column":74}},"line":72},"3":{"name":"(anonymous_3)","decl":{"start":{"line":87,"column":27},"end":{"line":87,"column":28}},"loc":{"start":{"line":87,"column":40},"end":{"line":90,"column":1}},"line":87},"4":{"name":"(anonymous_4)","decl":{"start":{"line":88,"column":21},"end":{"line":88,"column":22}},"loc":{"start":{"line":89,"column":4},"end":{"line":89,"column":71}},"line":89}},"branchMap":{},"s":{"0":1,"1":1,"2":1,"3":1,"4":1,"5":1,"6":1},"f":{"0":1,"1":1,"2":0,"3":1,"4":1},"b":{},"_coverageSchema":"332fd63041d2c1bcb487cc26dd0d5f7d97098a6c","hash":"6fae93c98f7738a47522c1e419484aee74a83354"}
,"/Users/skeletor/Projects/Mobile/olist/src/pages/account/styles.js": {"path":"/Users/skeletor/Projects/Mobile/olist/src/pages/account/styles.js","statementMap":{"0":{"start":{"line":5,"column":15},"end":{"line":69,"column":2}}},"fnMap":{},"branchMap":{},"s":{"0":1},"f":{},"b":{},"_coverageSchema":"332fd63041d2c1bcb487cc26dd0d5f7d97098a6c","hash":"224b431e60bf798d5db71a200ba76885489e1991"}
,"/Users/skeletor/Projects/Mobile/olist/src/pages/account/components/PasswordValidator/index.js": {"path":"/Users/skeletor/Projects/Mobile/olist/src/pages/account/components/PasswordValidator/index.js","statementMap":{"0":{"start":{"line":26,"column":15},"end":{"line":26,"column":17}},"1":{"start":{"line":28,"column":4},"end":{"line":56,"column":5}},"2":{"start":{"line":30,"column":8},"end":{"line":34,"column":10}},"3":{"start":{"line":35,"column":8},"end":{"line":35,"column":14}},"4":{"start":{"line":37,"column":8},"end":{"line":41,"column":10}},"5":{"start":{"line":42,"column":8},"end":{"line":42,"column":14}},"6":{"start":{"line":44,"column":8},"end":{"line":48,"column":10}},"7":{"start":{"line":49,"column":8},"end":{"line":49,"column":14}},"8":{"start":{"line":51,"column":8},"end":{"line":54,"column":10}},"9":{"start":{"line":55,"column":8},"end":{"line":55,"column":14}},"10":{"start":{"line":58,"column":4},"end":{"line":58,"column":16}},"11":{"start":{"line":64,"column":4},"end":{"line":77,"column":5}},"12":{"start":{"line":66,"column":8},"end":{"line":66,"column":24}},"13":{"start":{"line":67,"column":8},"end":{"line":67,"column":14}},"14":{"start":{"line":69,"column":8},"end":{"line":69,"column":27}},"15":{"start":{"line":70,"column":8},"end":{"line":70,"column":14}},"16":{"start":{"line":72,"column":8},"end":{"line":72,"column":26}},"17":{"start":{"line":73,"column":8},"end":{"line":73,"column":14}},"18":{"start":{"line":75,"column":8},"end":{"line":75,"column":25}},"19":{"start":{"line":76,"column":8},"end":{"line":76,"column":14}},"20":{"start":{"line":79,"column":4},"end":{"line":79,"column":19}},"21":{"start":{"line":83,"column":4},"end":{"line":83,"column":42}},"22":{"start":{"line":86,"column":26},"end":{"line":86,"column":68}},"23":{"start":{"line":86,"column":47},"end":{"line":86,"column":60}},"24":{"start":{"line":89,"column":20},"end":{"line":89,"column":43}},"25":{"start":{"line":90,"column":17},"end":{"line":90,"column":38}},"26":{"start":{"line":92,"column":4},"end":{"line":98,"column":6}},"27":{"start":{"line":95,"column":10},"end":{"line":95,"column":64}},"28":{"start":{"line":107,"column":8},"end":{"line":107,"column":30}},"29":{"start":{"line":109,"column":18},"end":{"line":109,"column":84}},"30":{"start":{"line":111,"column":4},"end":{"line":138,"column":6}},"31":{"start":{"line":142,"column":24},"end":{"line":144,"column":2}},"32":{"start":{"line":142,"column":34},"end":{"line":144,"column":1}}},"fnMap":{"0":{"name":"(anonymous_0)","decl":{"start":{"line":25,"column":12},"end":{"line":25,"column":13}},"loc":{"start":{"line":25,"column":25},"end":{"line":59,"column":3}},"line":25},"1":{"name":"(anonymous_1)","decl":{"start":{"line":61,"column":16},"end":{"line":61,"column":17}},"loc":{"start":{"line":61,"column":27},"end":{"line":80,"column":3}},"line":61},"2":{"name":"(anonymous_2)","decl":{"start":{"line":82,"column":18},"end":{"line":82,"column":19}},"loc":{"start":{"line":83,"column":4},"end":{"line":83,"column":42}},"line":83},"3":{"name":"(anonymous_3)","decl":{"start":{"line":86,"column":17},"end":{"line":86,"column":18}},"loc":{"start":{"line":86,"column":26},"end":{"line":86,"column":68}},"line":86},"4":{"name":"(anonymous_4)","decl":{"start":{"line":86,"column":39},"end":{"line":86,"column":40}},"loc":{"start":{"line":86,"column":47},"end":{"line":86,"column":60}},"line":86},"5":{"name":"(anonymous_5)","decl":{"start":{"line":88,"column":15},"end":{"line":88,"column":16}},"loc":{"start":{"line":88,"column":26},"end":{"line":99,"column":3}},"line":88},"6":{"name":"(anonymous_6)","decl":{"start":{"line":94,"column":19},"end":{"line":94,"column":20}},"loc":{"start":{"line":95,"column":10},"end":{"line":95,"column":64}},"line":95},"7":{"name":"(anonymous_7)","decl":{"start":{"line":101,"column":2},"end":{"line":101,"column":3}},"loc":{"start":{"line":101,"column":11},"end":{"line":139,"column":3}},"line":101},"8":{"name":"(anonymous_8)","decl":{"start":{"line":142,"column":24},"end":{"line":142,"column":25}},"loc":{"start":{"line":142,"column":34},"end":{"line":144,"column":1}},"line":142}},"branchMap":{"0":{"loc":{"start":{"line":28,"column":4},"end":{"line":56,"column":5}},"type":"switch","locations":[{"start":{"line":29,"column":6},"end":{"line":35,"column":14}},{"start":{"line":36,"column":6},"end":{"line":42,"column":14}},{"start":{"line":43,"column":6},"end":{"line":49,"column":14}},{"start":{"line":50,"column":6},"end":{"line":55,"column":14}}],"line":28},"1":{"loc":{"start":{"line":64,"column":4},"end":{"line":77,"column":5}},"type":"switch","locations":[{"start":{"line":65,"column":6},"end":{"line":67,"column":14}},{"start":{"line":68,"column":6},"end":{"line":70,"column":14}},{"start":{"line":71,"column":6},"end":{"line":73,"column":14}},{"start":{"line":74,"column":6},"end":{"line":76,"column":14}}],"line":64},"2":{"loc":{"start":{"line":83,"column":4},"end":{"line":83,"column":42}},"type":"cond-expr","locations":[{"start":{"line":83,"column":17},"end":{"line":83,"column":29}},{"start":{"line":83,"column":32},"end":{"line":83,"column":42}}],"line":83},"3":{"loc":{"start":{"line":117,"column":41},"end":{"line":117,"column":87}},"type":"cond-expr","locations":[{"start":{"line":117,"column":51},"end":{"line":117,"column":82}},{"start":{"line":117,"column":85},"end":{"line":117,"column":87}}],"line":117},"4":{"loc":{"start":{"line":124,"column":41},"end":{"line":124,"column":88}},"type":"cond-expr","locations":[{"start":{"line":124,"column":51},"end":{"line":124,"column":83}},{"start":{"line":124,"column":86},"end":{"line":124,"column":88}}],"line":124},"5":{"loc":{"start":{"line":131,"column":41},"end":{"line":131,"column":85}},"type":"cond-expr","locations":[{"start":{"line":131,"column":51},"end":{"line":131,"column":80}},{"start":{"line":131,"column":83},"end":{"line":131,"column":85}}],"line":131}},"s":{"0":4,"1":4,"2":1,"3":1,"4":1,"5":1,"6":1,"7":1,"8":1,"9":1,"10":4,"11":4,"12":1,"13":1,"14":1,"15":1,"16":1,"17":1,"18":1,"19":1,"20":4,"21":9,"22":4,"23":16,"24":4,"25":4,"26":4,"27":12,"28":4,"29":4,"30":4,"31":2,"32":4},"f":{"0":4,"1":4,"2":9,"3":4,"4":16,"5":4,"6":12,"7":4,"8":4},"b":{"0":[1,1,1,1],"1":[1,1,1,1],"2":[6,3],"3":[3,1],"4":[3,1],"5":[3,1]},"_coverageSchema":"332fd63041d2c1bcb487cc26dd0d5f7d97098a6c","hash":"df8fe26ae2a7f42906e46d131917d2e80a8b5223"}
,"/Users/skeletor/Projects/Mobile/olist/src/pages/account/components/PasswordValidator/styles.js": {"path":"/Users/skeletor/Projects/Mobile/olist/src/pages/account/components/PasswordValidator/styles.js","statementMap":{"0":{"start":{"line":4,"column":15},"end":{"line":53,"column":2}}},"fnMap":{},"branchMap":{},"s":{"0":2},"f":{},"b":{},"_coverageSchema":"332fd63041d2c1bcb487cc26dd0d5f7d97098a6c","hash":"f1349b8a9fa8447f5a5dec7efbbf45448c51f05f"}
,"/Users/skeletor/Projects/Mobile/olist/src/store/ducks/validations.js": {"path":"/Users/skeletor/Projects/Mobile/olist/src/store/ducks/validations.js","statementMap":{"0":{"start":{"line":5,"column":20},"end":{"line":5,"column":37}},"1":{"start":{"line":6,"column":20},"end":{"line":6,"column":33}},"2":{"start":{"line":7,"column":23},"end":{"line":7,"column":36}},"3":{"start":{"line":11,"column":28},"end":{"line":13,"column":2}},"4":{"start":{"line":19,"column":22},"end":{"line":24,"column":1}},"5":{"start":{"line":28,"column":33},"end":{"line":33,"column":2}},"6":{"start":{"line":28,"column":54},"end":{"line":33,"column":1}},"7":{"start":{"line":35,"column":23},"end":{"line":37,"column":2}}},"fnMap":{"0":{"name":"(anonymous_0)","decl":{"start":{"line":28,"column":33},"end":{"line":28,"column":34}},"loc":{"start":{"line":28,"column":54},"end":{"line":33,"column":1}},"line":28}},"branchMap":{},"s":{"0":2,"1":2,"2":2,"3":2,"4":2,"5":2,"6":7,"7":2},"f":{"0":7},"b":{},"_coverageSchema":"332fd63041d2c1bcb487cc26dd0d5f7d97098a6c","hash":"8a22938ee9541d1f2cab75ec48b81ab37b2d4301"}
}
