TN:
SF:/Users/skeletor/Projects/Mobile/olist/src/pages/account/index.js
FN:18,(anonymous_0)
FN:56,(anonymous_1)
FN:72,(anonymous_2)
FN:87,(anonymous_3)
FN:88,(anonymous_4)
FNF:5
FNH:4
FNDA:1,(anonymous_0)
FNDA:1,(anonymous_1)
FNDA:0,(anonymous_2)
FNDA:1,(anonymous_3)
FNDA:1,(anonymous_4)
DA:18,1
DA:19,1
DA:56,1
DA:83,1
DA:87,1
DA:89,1
LF:6
LH:6
BRF:0
BRH:0
end_of_record
TN:
SF:/Users/skeletor/Projects/Mobile/olist/src/pages/account/styles.js
FNF:0
FNH:0
DA:5,1
LF:1
LH:1
BRF:0
BRH:0
end_of_record
TN:
SF:/Users/skeletor/Projects/Mobile/olist/src/pages/account/components/PasswordValidator/index.js
FN:25,(anonymous_0)
FN:61,(anonymous_1)
FN:82,(anonymous_2)
FN:86,(anonymous_3)
FN:86,(anonymous_4)
FN:88,(anonymous_5)
FN:94,(anonymous_6)
FN:101,(anonymous_7)
FN:142,(anonymous_8)
FNF:9
FNH:9
FNDA:4,(anonymous_0)
FNDA:4,(anonymous_1)
FNDA:9,(anonymous_2)
FNDA:4,(anonymous_3)
FNDA:16,(anonymous_4)
FNDA:4,(anonymous_5)
FNDA:12,(anonymous_6)
FNDA:4,(anonymous_7)
FNDA:4,(anonymous_8)
DA:26,4
DA:28,4
DA:30,1
DA:35,1
DA:37,1
DA:42,1
DA:44,1
DA:49,1
DA:51,1
DA:55,1
DA:58,4
DA:64,4
DA:66,1
DA:67,1
DA:69,1
DA:70,1
DA:72,1
DA:73,1
DA:75,1
DA:76,1
DA:79,4
DA:83,9
DA:86,16
DA:89,4
DA:90,4
DA:92,4
DA:95,12
DA:107,4
DA:109,4
DA:111,4
DA:142,4
LF:31
LH:31
BRDA:28,0,0,1
BRDA:28,0,1,1
BRDA:28,0,2,1
BRDA:28,0,3,1
BRDA:64,1,0,1
BRDA:64,1,1,1
BRDA:64,1,2,1
BRDA:64,1,3,1
BRDA:83,2,0,6
BRDA:83,2,1,3
BRDA:117,3,0,3
BRDA:117,3,1,1
BRDA:124,4,0,3
BRDA:124,4,1,1
BRDA:131,5,0,3
BRDA:131,5,1,1
BRF:16
BRH:16
end_of_record
TN:
SF:/Users/skeletor/Projects/Mobile/olist/src/pages/account/components/PasswordValidator/styles.js
FNF:0
FNH:0
DA:4,2
LF:1
LH:1
BRF:0
BRH:0
end_of_record
TN:
SF:/Users/skeletor/Projects/Mobile/olist/src/store/ducks/validations.js
FN:28,(anonymous_0)
FNF:1
FNH:1
FNDA:7,(anonymous_0)
DA:5,2
DA:6,2
DA:7,2
DA:11,2
DA:19,2
DA:28,7
DA:35,2
LF:7
LH:7
BRF:0
BRH:0
end_of_record
